<?xml version="1.0" encoding="UTF-8"?>
<!-- Generated by org.testng.reporters.JUnitXMLReporter -->
<testsuite ignored="0" hostname="LAPTOP-F9IPE8TK" failures="1" tests="1" name="Test" time="6.917" errors="0" timestamp="2024-12-09T15:13:07 IST">
  <testcase classname="com.testdemo.LoginTest" name="loginWebsite" time="5.877">
    <failure type="junit.framework.ComparisonFailure" message="expected:&amp;lt;[Login]&amp;gt; but was:&amp;lt;[]&amp;gt;">
      <![CDATA[junit.framework.ComparisonFailure: expected:<[Login]> but was:<[]>
at junit.framework.Assert.assertEquals(Assert.java:85)
at junit.framework.Assert.assertEquals(Assert.java:91)
at Pages.LoginPage.loginWithValidCred(LoginPage.java:56)
at com.testdemo.LoginTest.loginWebsite(LoginTest.java:22)
at java.base/java.util.ArrayList.forEach(ArrayList.java:1597)
... Removed 25 stack frames]]>
    </failure>
  </testcase> <!-- loginWebsite -->
</testsuite> <!-- Test -->
