<?xml version="1.0" encoding="UTF-8"?>
<testng-results ignored="0" total="1" passed="0" failed="1" skipped="0">
  <reporter-output>
  </reporter-output>
  <suite started-at="2024-12-09T15:13:00 IST" name="Suite" finished-at="2024-12-09T15:13:07 IST" duration-ms="6917">
    <groups>
    </groups>
    <test started-at="2024-12-09T15:13:00 IST" name="Test" finished-at="2024-12-09T15:13:07 IST" duration-ms="6917">
      <class name="com.testdemo.LoginTest">
        <test-method is-config="true" signature="beforeTest()[pri:0, instance:com.testdemo.LoginTest@18078bef]" started-at="2024-12-09T15:13:00 IST" name="beforeTest" finished-at="2024-12-09T15:13:00 IST" duration-ms="5" status="PASS">
          <reporter-output>
          </reporter-output>
        </test-method> <!-- beforeTest -->
        <test-method is-config="true" signature="beforeMethod()[pri:0, instance:com.testdemo.LoginTest@18078bef]" started-at="2024-12-09T15:13:00 IST" name="beforeMethod" finished-at="2024-12-09T15:13:01 IST" duration-ms="880" status="PASS">
          <reporter-output>
          </reporter-output>
        </test-method> <!-- beforeMethod -->
        <test-method signature="loginWebsite()[pri:0, instance:com.testdemo.LoginTest@18078bef]" started-at="2024-12-09T15:13:01 IST" name="loginWebsite" finished-at="2024-12-09T15:13:07 IST" duration-ms="5877" status="FAIL">
          <exception class="junit.framework.ComparisonFailure">
            <message>
              <![CDATA[expected:<[Login]> but was:<[]>]]>
            </message>
            <full-stacktrace>
              <![CDATA[junit.framework.ComparisonFailure: expected:<[Login]> but was:<[]>
at junit.framework.Assert.assertEquals(Assert.java:85)
at junit.framework.Assert.assertEquals(Assert.java:91)
at Pages.LoginPage.loginWithValidCred(LoginPage.java:56)
at com.testdemo.LoginTest.loginWebsite(LoginTest.java:22)
at java.base/jdk.internal.reflect.DirectMethodHandleAccessor.invoke(DirectMethodHandleAccessor.java:103)
at java.base/java.lang.reflect.Method.invoke(Method.java:580)
at org.testng.internal.MethodInvocationHelper.invokeMethod(MethodInvocationHelper.java:133)
at org.testng.internal.TestInvoker.invokeMethod(TestInvoker.java:598)
at org.testng.internal.TestInvoker.invokeTestMethod(TestInvoker.java:173)
at org.testng.internal.MethodRunner.runInSequence(MethodRunner.java:46)
at org.testng.internal.TestInvoker$MethodInvocationAgent.invoke(TestInvoker.java:824)
at org.testng.internal.TestInvoker.invokeTestMethods(TestInvoker.java:146)
at org.testng.internal.TestMethodWorker.invokeTestMethods(TestMethodWorker.java:146)
at org.testng.internal.TestMethodWorker.run(TestMethodWorker.java:128)
at java.base/java.util.ArrayList.forEach(ArrayList.java:1597)
at org.testng.TestRunner.privateRun(TestRunner.java:794)
at org.testng.TestRunner.run(TestRunner.java:596)
at org.testng.SuiteRunner.runTest(SuiteRunner.java:377)
at org.testng.SuiteRunner.runSequentially(SuiteRunner.java:371)
at org.testng.SuiteRunner.privateRun(SuiteRunner.java:332)
at org.testng.SuiteRunner.run(SuiteRunner.java:276)
at org.testng.SuiteRunnerWorker.runSuite(SuiteRunnerWorker.java:53)
at org.testng.SuiteRunnerWorker.run(SuiteRunnerWorker.java:96)
at org.testng.TestNG.runSuitesSequentially(TestNG.java:1212)
at org.testng.TestNG.runSuitesLocally(TestNG.java:1134)
at org.testng.TestNG.runSuites(TestNG.java:1063)
at org.testng.TestNG.run(TestNG.java:1031)
at org.testng.remote.AbstractRemoteTestNG.run(AbstractRemoteTestNG.java:115)
at org.testng.remote.RemoteTestNG.initAndRun(RemoteTestNG.java:293)
at org.testng.remote.RemoteTestNG.main(RemoteTestNG.java:91)
]]>
            </full-stacktrace>
          </exception> <!-- junit.framework.ComparisonFailure -->
          <reporter-output>
          </reporter-output>
        </test-method> <!-- loginWebsite -->
        <test-method is-config="true" signature="afterMethod()[pri:0, instance:com.testdemo.LoginTest@18078bef]" started-at="2024-12-09T15:13:07 IST" name="afterMethod" finished-at="2024-12-09T15:13:07 IST" duration-ms="138" status="PASS">
          <reporter-output>
          </reporter-output>
        </test-method> <!-- afterMethod -->
        <test-method is-config="true" signature="afterTest()[pri:0, instance:com.testdemo.LoginTest@18078bef]" started-at="2024-12-09T15:13:07 IST" name="afterTest" finished-at="2024-12-09T15:13:07 IST" duration-ms="0" status="PASS">
          <reporter-output>
          </reporter-output>
        </test-method> <!-- afterTest -->
      </class> <!-- com.testdemo.LoginTest -->
    </test> <!-- Test -->
  </suite> <!-- Suite -->
</testng-results>
